0 silly argv { _: [ 'version', '—conventional-commits' ],
0 silly argv   lernaVersion: '3.16.4',
0 silly argv   '$0': 'lerna',
0 silly argv   bump: '1.0.0' }
1 notice cli v3.16.4
2 verbose rootPath /Users/vmavilap/Learn/lerna-demo
3 info current version 1.0.2
4 silly isAnythingCommitted
5 verbose isAnythingCommitted 1
6 silly currentBranch
7 verbose currentBranch master
8 silly remoteBranchExists
9 silly isBehindUpstream
10 silly isBehindUpstream master is behind origin/master by 0 commit(s) and ahead by 0
11 silly hasTags
12 verbose hasTags true
13 silly git-describe.sync "v1.0.1-6-gf97abd1" => {"lastTagName":"v1.0.1","lastVersion":"v1.0.1","refCount":"6","sha":"f97abd1","isDirty":false}
14 info Looking for changed packages since v1.0.1
15 silly checking diff ui-snippet/snippet
16 silly found diff in ui-snippet/snippet/CHANGELOG.md
16 silly found diff in ui-snippet/snippet/index.js
16 silly found diff in ui-snippet/snippet/package.json
17 verbose filtered diff [ 'ui-snippet/snippet/CHANGELOG.md',
17 verbose filtered diff   'ui-snippet/snippet/index.js',
17 verbose filtered diff   'ui-snippet/snippet/package.json' ]
18 verbose updated pcs-ui-snippets
19 verbose git-describe undefined => "v1.0.1-6-gf97abd1"
20 silly git-describe parsed => {"lastTagName":"v1.0.1","lastVersion":"v1.0.1","refCount":"6","sha":"f97abd1","isDirty":false}
21 info execute Skipping releases
22 silly lifecycle No script for "preversion" in "root", continuing
23 silly lifecycle No script for "preversion" in "pcs-ui-snippets", continuing
24 silly lifecycle No script for "version" in "pcs-ui-snippets", continuing
25 silly lifecycle No script for "version" in "root", continuing
26 silly gitAdd [ '/Users/vmavilap/Learn/lerna-demo/ui-snippet/snippet/package.json',
26 silly gitAdd   '/Users/vmavilap/Learn/lerna-demo/lerna.json' ]
27 silly gitCommit v1.0.0
28 verbose git [ 'commit', '-m', 'v1.0.0' ]
29 silly gitTag v1.0.0
30 verbose git [ 'tag', 'v1.0.0', '-m', 'v1.0.0' ]
31 error Error: Command failed: git tag v1.0.0 -m v1.0.0
31 error fatal: tag 'v1.0.0' already exists
31 error
31 error     at makeError (/usr/local/lib/node_modules/lerna/node_modules/execa/index.js:174:9)
31 error     at Promise.all.then.arr (/usr/local/lib/node_modules/lerna/node_modules/execa/index.js:278:16)
